<?xml version="1.0" encoding="utf-8"?><testsuites name="pytest tests"><testsuite name="pytest" errors="0" failures="0" skipped="2" tests="55" time="10.033" timestamp="2026-08-13T10:24:56.377828+00:00" hostname="agent-env-c0f34ff4-6e4e-4a4e-abcc-3449af6eee08"><testcase classname="tests.backend_test.TestHealth" name="test_health_ok" time="0.284" /><testcase classname="tests.backend_test.TestPresets" name="test_list_presets" time="0.072" /><testcase classname="tests.backend_test.TestPresets" name="test_get_preset[stadium_egress]" time="0.033" /><testcase classname="tests.backend_test.TestPresets" name="test_get_preset[train_station]" time="0.032" /><testcase classname="tests.backend_test.TestPresets" name="test_get_preset[festival_ground]" time="0.031" /><testcase classname="tests.backend_test.TestPresets" name="test_get_preset_not_found" time="0.031" /><testcase classname="tests.backend_test.TestSimulate" name="test_simulate_default_params_shape[stadium_egress]" time="0.408" /><testcase classname="tests.backend_test.TestSimulate" name="test_simulate_default_params_shape[train_station]" time="0.000" /><testcase classname="tests.backend_test.TestSimulate" name="test_simulate_default_params_shape[festival_ground]" time="0.000" /><testcase classname="tests.backend_test.TestSimulate" name="test_bottlenecks_are_emergent[stadium_egress]" time="0.000" /><testcase classname="tests.backend_test.TestSimulate" name="test_bottlenecks_are_emergent[train_station]" time="0.000" /><testcase classname="tests.backend_test.TestSimulate" name="test_bottlenecks_are_emergent[festival_ground]" time="0.000" /><testcase classname="tests.backend_test.TestSimulate" name="test_simulate_persisted[stadium_egress]" time="0.057" /><testcase classname="tests.backend_test.TestSimulate" name="test_simulate_persisted[train_station]" time="0.046" /><testcase classname="tests.backend_test.TestSimulate" name="test_simulate_persisted[festival_ground]" time="0.061" /><testcase classname="tests.backend_test.TestSimulate" name="test_simulate_invalid_venue" time="0.030" /><testcase classname="tests.backend_test.TestSimulate" name="test_simulate_out_of_range_total_people" time="0.032" /><testcase classname="tests.backend_test.TestCustomVenue" name="test_upload_and_simulate" time="0.070" /><testcase classname="tests.backend_test.TestCustomVenue" name="test_malformed_edge_unknown_node" time="0.072" /><testcase classname="tests.backend_test.TestCustomVenue" name="test_malformed_no_exit" time="0.034" /><testcase classname="tests.backend_test.TestReroute" name="test_ai_suggestions_with_bottleneck" time="4.134" /><testcase classname="tests.backend_test.TestReroute" name="test_ai_source_is_ai_when_hf_works" time="0.583"><skipped type="pytest.skip" message="HF returned no 'ai' source; sources=['fallback', 'fallback']. Fallback path is exercised, HF path is not verified.">/app/backend/tests/backend_test.py:279: HF returned no 'ai' source; sources=['fallback', 'fallback']. Fallback path is exercised, HF path is not verified.</skipped></testcase><testcase classname="tests.backend_test.TestReroute" name="test_no_bottleneck_step_returns_empty" time="0.041" /><testcase classname="tests.backend_test.TestReroute" name="test_reroute_step_out_of_range" time="0.042" /><testcase classname="tests.test_ai_service.TestFallbackText" name="test_critical_template" time="0.000" /><testcase classname="tests.test_ai_service.TestFallbackText" name="test_warning_template" time="0.000" /><testcase classname="tests.test_ai_service.TestRuleRisk" name="test_stampede_when_over_capacity" time="0.000" /><testcase classname="tests.test_ai_service.TestRuleRisk" name="test_flow_disruption_when_critical_under_100" time="0.000" /><testcase classname="tests.test_ai_service.TestRuleRisk" name="test_minor_delay_when_warning" time="0.000" /><testcase classname="tests.test_ai_service.TestParseJson" name="test_parses_plain_json" time="0.000" /><testcase classname="tests.test_ai_service.TestParseJson" name="test_strips_code_fences" time="0.000" /><testcase classname="tests.test_ai_service.TestParseJson" name="test_extracts_embedded_object" time="0.000" /><testcase classname="tests.test_ai_service.TestParseJson" name="test_returns_none_on_garbage" time="0.000" /><testcase classname="tests.test_ai_service.TestOfflineGeneration" name="test_generate_recommendation_falls_back_without_token" time="0.001" /><testcase classname="tests.test_ai_service.TestOfflineGeneration" name="test_batch_generate_respects_limit_and_fills_rest" time="0.003" /><testcase classname="tests.test_new_endpoints.TestSimulateWhatIf" name="test_close_turnstile_returns_valid_result" time="0.317" /><testcase classname="tests.test_new_endpoints.TestSimulateWhatIf" name="test_closing_exit_never_lowers_peak" time="0.210" /><testcase classname="tests.test_new_endpoints.TestSimulateWhatIf" name="test_invalid_venue_returns_404" time="0.038" /><testcase classname="tests.test_new_endpoints.TestSimulateWhatIf" name="test_out_of_range_params_returns_422" time="0.036" /><testcase classname="tests.test_new_endpoints.TestSeed" name="test_same_seed_gives_identical_headline_metrics" time="0.210" /><testcase classname="tests.test_new_endpoints.TestSeed" name="test_omitting_seed_still_works" time="0.072" /><testcase classname="tests.test_new_endpoints.TestStructuredAI" name="test_suggestions_have_ai_fields_and_risk" time="0.612" /><testcase classname="tests.test_new_endpoints.TestStructuredAI" name="test_critical_bottleneck_never_labelled_safe" time="0.794" /><testcase classname="tests.test_new_endpoints.TestStructuredAI" name="test_when_hf_reachable_ai_action_is_valid" time="0.865"><skipped type="pytest.skip" message="HF returned no 'ai' source; fallback path was exercised only. elapsed=0.86s">/app/backend/tests/test_new_endpoints.py:221: HF returned no 'ai' source; fallback path was exercised only. elapsed=0.86s</skipped></testcase><testcase classname="tests.test_simulation.TestGraphBuild" name="test_build_graph_node_and_edge_counts" time="0.001" /><testcase classname="tests.test_simulation.TestGraphBuild" name="test_resolve_endpoints" time="0.000" /><testcase classname="tests.test_simulation.TestArrivalCurve" name="test_curve_sums_to_total" time="0.000" /><testcase classname="tests.test_simulation.TestArrivalCurve" name="test_heavy_peaks_earlier_than_moderate" time="0.000" /><testcase classname="tests.test_simulation.TestClassify" name="test_boundaries" time="0.000" /><testcase classname="tests.test_simulation.TestRunSimulation" name="test_shape_and_emergent_bottlenecks" time="0.044" /><testcase classname="tests.test_simulation.TestRunSimulation" name="test_zero_effective_load_is_all_clear" time="0.007" /><testcase classname="tests.test_simulation.TestRunSimulation" name="test_seed_is_reproducible" time="0.079" /><testcase classname="tests.test_simulation.TestWhatIfOverrides" name="test_reduce_capacity_scales_edges" time="0.001" /><testcase classname="tests.test_simulation.TestWhatIfOverrides" name="test_close_throttles_but_keeps_simulatable" time="0.117" /><testcase classname="tests.test_simulation.TestWhatIfOverrides" name="test_override_does_not_mutate_original_layout" time="0.001" /></testsuite></testsuites>