<?xml version="1.0" encoding="utf-8"?><testsuites name="pytest tests"><testsuite name="pytest" errors="0" failures="0" skipped="0" tests="24" time="3.265" timestamp="2026-08-10T20:32:28.884594+00:00" hostname="agent-env-c0f34ff4-6e4e-4a4e-abcc-3449af6eee08"><testcase classname="tests.backend_test.TestPresets" name="test_list_presets" time="0.123" /><testcase classname="tests.backend_test.TestPresets" name="test_get_preset[stadium_egress]" time="0.039" /><testcase classname="tests.backend_test.TestPresets" name="test_get_preset[train_station]" time="0.051" /><testcase classname="tests.backend_test.TestPresets" name="test_get_preset[festival_ground]" time="0.036" /><testcase classname="tests.backend_test.TestPresets" name="test_get_preset_not_found" time="0.078" /><testcase classname="tests.backend_test.TestSimulate" name="test_simulate_default_params_shape[stadium_egress]" time="0.526" /><testcase classname="tests.backend_test.TestSimulate" name="test_simulate_default_params_shape[train_station]" time="0.000" /><testcase classname="tests.backend_test.TestSimulate" name="test_simulate_default_params_shape[festival_ground]" time="0.000" /><testcase classname="tests.backend_test.TestSimulate" name="test_bottlenecks_are_emergent[stadium_egress]" time="0.000" /><testcase classname="tests.backend_test.TestSimulate" name="test_bottlenecks_are_emergent[train_station]" time="0.000" /><testcase classname="tests.backend_test.TestSimulate" name="test_bottlenecks_are_emergent[festival_ground]" time="0.000" /><testcase classname="tests.backend_test.TestSimulate" name="test_simulate_persisted[stadium_egress]" time="0.057" /><testcase classname="tests.backend_test.TestSimulate" name="test_simulate_persisted[train_station]" time="0.090" /><testcase classname="tests.backend_test.TestSimulate" name="test_simulate_persisted[festival_ground]" time="0.057" /><testcase classname="tests.backend_test.TestSimulate" name="test_simulate_invalid_venue" time="0.106" /><testcase classname="tests.backend_test.TestSimulate" name="test_simulate_out_of_range_total_people" time="0.072" /><testcase classname="tests.backend_test.TestReroute" name="test_ai_suggestions_with_bottleneck" time="1.469" /><testcase classname="tests.backend_test.TestCustomVenue" name="test_upload_and_simulate" time="0.068" /><testcase classname="tests.backend_test.TestCustomVenue" name="test_malformed_edge_unknown_node" time="0.069" /><testcase classname="tests.backend_test.TestCustomVenue" name="test_malformed_no_exit" time="0.072" /><testcase classname="tests.backend_test.TestHealth" name="test_health_ok" time="0.072" /><testcase classname="tests.backend_test.TestReroute" name="test_ai_source_is_ai_when_hf_works" time="0.841" /><testcase classname="tests.backend_test.TestReroute" name="test_no_bottleneck_step_returns_empty" time="0.084" /><testcase classname="tests.backend_test.TestReroute" name="test_reroute_step_out_of_range" time="0.043" /></testsuite></testsuites>